Determining if the pthread_create exist failed with the following output:
Change Dir: /home/oleg/Projects/halykcoin/build/release/CMakeFiles/CMakeTmp

Run Build Command:"/usr/bin/make" "cmTC_328d8/fast"
make[1]: Entering directory '/home/oleg/Projects/halykcoin/build/release/CMakeFiles/CMakeTmp'
/usr/bin/make -f CMakeFiles/cmTC_328d8.dir/build.make CMakeFiles/cmTC_328d8.dir/build
make[2]: Entering directory '/home/oleg/Projects/halykcoin/build/release/CMakeFiles/CMakeTmp'
Building C object CMakeFiles/cmTC_328d8.dir/CheckSymbolExists.c.o
/usr/bin/cc     -o CMakeFiles/cmTC_328d8.dir/CheckSymbolExists.c.o   -c /home/oleg/Projects/halykcoin/build/release/CMakeFiles/CMakeTmp/CheckSymbolExists.c
Linking C executable cmTC_328d8
/usr/bin/cmake -E cmake_link_script CMakeFiles/cmTC_328d8.dir/link.txt --verbose=1
/usr/bin/cc       CMakeFiles/cmTC_328d8.dir/CheckSymbolExists.c.o  -o cmTC_328d8 -rdynamic 
CMakeFiles/cmTC_328d8.dir/CheckSymbolExists.c.o: In function `main':
CheckSymbolExists.c:(.text+0x16): undefined reference to `pthread_create'
collect2: error: ld returned 1 exit status
CMakeFiles/cmTC_328d8.dir/build.make:97: recipe for target 'cmTC_328d8' failed
make[2]: *** [cmTC_328d8] Error 1
make[2]: Leaving directory '/home/oleg/Projects/halykcoin/build/release/CMakeFiles/CMakeTmp'
Makefile:126: recipe for target 'cmTC_328d8/fast' failed
make[1]: *** [cmTC_328d8/fast] Error 2
make[1]: Leaving directory '/home/oleg/Projects/halykcoin/build/release/CMakeFiles/CMakeTmp'

File /home/oleg/Projects/halykcoin/build/release/CMakeFiles/CMakeTmp/CheckSymbolExists.c:
/* */
#include <pthread.h>

int main(int argc, char** argv)
{
  (void)argv;
#ifndef pthread_create
  return ((int*)(&pthread_create))[argc];
#else
  (void)argc;
  return 0;
#endif
}

Determining if the function memset_s exists in the c failed with the following output:
Change Dir: /home/oleg/Projects/halykcoin/build/release/CMakeFiles/CMakeTmp

Run Build Command:"/usr/bin/make" "cmTC_d50e8/fast"
make[1]: Entering directory '/home/oleg/Projects/halykcoin/build/release/CMakeFiles/CMakeTmp'
/usr/bin/make -f CMakeFiles/cmTC_d50e8.dir/build.make CMakeFiles/cmTC_d50e8.dir/build
make[2]: Entering directory '/home/oleg/Projects/halykcoin/build/release/CMakeFiles/CMakeTmp'
Building C object CMakeFiles/cmTC_d50e8.dir/CheckFunctionExists.c.o
/usr/bin/cc    -DCHECK_FUNCTION_EXISTS=memset_s   -o CMakeFiles/cmTC_d50e8.dir/CheckFunctionExists.c.o   -c /usr/share/cmake-3.5/Modules/CheckFunctionExists.c
Linking C executable cmTC_d50e8
/usr/bin/cmake -E cmake_link_script CMakeFiles/cmTC_d50e8.dir/link.txt --verbose=1
/usr/bin/cc   -DCHECK_FUNCTION_EXISTS=memset_s    CMakeFiles/cmTC_d50e8.dir/CheckFunctionExists.c.o  -o cmTC_d50e8  -L/home/oleg/Projects/halykcoin/build/release/CMakeFiles/CMakeTmp/string.h -rdynamic -lc -Wl,-rpath,/home/oleg/Projects/halykcoin/build/release/CMakeFiles/CMakeTmp/string.h 
CMakeFiles/cmTC_d50e8.dir/CheckFunctionExists.c.o: In function `main':
CheckFunctionExists.c:(.text+0x15): undefined reference to `memset_s'
collect2: error: ld returned 1 exit status
CMakeFiles/cmTC_d50e8.dir/build.make:97: recipe for target 'cmTC_d50e8' failed
make[2]: *** [cmTC_d50e8] Error 1
make[2]: Leaving directory '/home/oleg/Projects/halykcoin/build/release/CMakeFiles/CMakeTmp'
Makefile:126: recipe for target 'cmTC_d50e8/fast' failed
make[1]: *** [cmTC_d50e8/fast] Error 2
make[1]: Leaving directory '/home/oleg/Projects/halykcoin/build/release/CMakeFiles/CMakeTmp'


Determining if the function explicit_bzero exists in the c failed with the following output:
Change Dir: /home/oleg/Projects/halykcoin/build/release/CMakeFiles/CMakeTmp

Run Build Command:"/usr/bin/make" "cmTC_7c721/fast"
make[1]: Entering directory '/home/oleg/Projects/halykcoin/build/release/CMakeFiles/CMakeTmp'
/usr/bin/make -f CMakeFiles/cmTC_7c721.dir/build.make CMakeFiles/cmTC_7c721.dir/build
make[2]: Entering directory '/home/oleg/Projects/halykcoin/build/release/CMakeFiles/CMakeTmp'
Building C object CMakeFiles/cmTC_7c721.dir/CheckFunctionExists.c.o
/usr/bin/cc    -DCHECK_FUNCTION_EXISTS=explicit_bzero   -o CMakeFiles/cmTC_7c721.dir/CheckFunctionExists.c.o   -c /usr/share/cmake-3.5/Modules/CheckFunctionExists.c
Linking C executable cmTC_7c721
/usr/bin/cmake -E cmake_link_script CMakeFiles/cmTC_7c721.dir/link.txt --verbose=1
/usr/bin/cc   -DCHECK_FUNCTION_EXISTS=explicit_bzero    CMakeFiles/cmTC_7c721.dir/CheckFunctionExists.c.o  -o cmTC_7c721  -L/home/oleg/Projects/halykcoin/build/release/CMakeFiles/CMakeTmp/strings.h -rdynamic -lc -Wl,-rpath,/home/oleg/Projects/halykcoin/build/release/CMakeFiles/CMakeTmp/strings.h 
CMakeFiles/cmTC_7c721.dir/CheckFunctionExists.c.o: In function `main':
CheckFunctionExists.c:(.text+0x15): undefined reference to `explicit_bzero'
collect2: error: ld returned 1 exit status
CMakeFiles/cmTC_7c721.dir/build.make:97: recipe for target 'cmTC_7c721' failed
make[2]: *** [cmTC_7c721] Error 1
make[2]: Leaving directory '/home/oleg/Projects/halykcoin/build/release/CMakeFiles/CMakeTmp'
Makefile:126: recipe for target 'cmTC_7c721/fast' failed
make[1]: *** [cmTC_7c721/fast] Error 2
make[1]: Leaving directory '/home/oleg/Projects/halykcoin/build/release/CMakeFiles/CMakeTmp'


Determining if the -Wl,-z,noexecheap linker flag is suppored failed with the following output:
Change Dir: /home/oleg/Projects/halykcoin/build/release/CMakeFiles/CMakeTmp

Run Build Command:"/usr/bin/make" "cmTC_6493c/fast"
make[1]: Entering directory '/home/oleg/Projects/halykcoin/build/release/CMakeFiles/CMakeTmp'
/usr/bin/make -f CMakeFiles/cmTC_6493c.dir/build.make CMakeFiles/cmTC_6493c.dir/build
make[2]: Entering directory '/home/oleg/Projects/halykcoin/build/release/CMakeFiles/CMakeTmp'
Building C object CMakeFiles/cmTC_6493c.dir/CheckLinkerFlag.c.o
/usr/bin/cc    -Wl,-z,noexecheap    -Wl,-z,noexecheap -o CMakeFiles/cmTC_6493c.dir/CheckLinkerFlag.c.o   -c /home/oleg/Projects/halykcoin/cmake/CheckLinkerFlag.c
Linking C executable cmTC_6493c
/usr/bin/cmake -E cmake_link_script CMakeFiles/cmTC_6493c.dir/link.txt --verbose=1
/usr/bin/cc  -Wl,-z,noexecheap     CMakeFiles/cmTC_6493c.dir/CheckLinkerFlag.c.o  -o cmTC_6493c -rdynamic 
/usr/bin/ld: warning: -z noexecheap ignored.
make[2]: Leaving directory '/home/oleg/Projects/halykcoin/build/release/CMakeFiles/CMakeTmp'
make[1]: Leaving directory '/home/oleg/Projects/halykcoin/build/release/CMakeFiles/CMakeTmp'


